<?xml version="1.0" encoding="UTF-8" ?>
<testsuite tests="2" failures="0" name="org.apache.shiro.samples.guice.ContainerIntegrationTest" time="2.119" errors="0" skipped="0">
  <properties>
    <property name="java.runtime.name" value="Java(TM) SE Runtime Environment"/>
    <property name="sun.boot.library.path" value="C:\Program Files\Java\jdk1.8.0_121\jre\bin"/>
    <property name="java.vm.version" value="25.121-b13"/>
    <property name="java.vm.vendor" value="Oracle Corporation"/>
    <property name="maven.multiModuleProjectDirectory" value="E:\github\shiro-root-1.3.2\samples"/>
    <property name="java.vendor.url" value="http://java.oracle.com/"/>
    <property name="path.separator" value=";"/>
    <property name="guice.disable.misplaced.annotation.check" value="true"/>
    <property name="java.vm.name" value="Java HotSpot(TM) 64-Bit Server VM"/>
    <property name="file.encoding.pkg" value="sun.io"/>
    <property name="user.script" value=""/>
    <property name="user.country" value="CN"/>
    <property name="sun.java.launcher" value="SUN_STANDARD"/>
    <property name="sun.os.patch.level" value=""/>
    <property name="java.vm.specification.name" value="Java Virtual Machine Specification"/>
    <property name="user.dir" value="E:\github\shiro-root-1.3.2\samples\guice"/>
    <property name="java.runtime.version" value="1.8.0_121-b13"/>
    <property name="java.awt.graphicsenv" value="sun.awt.Win32GraphicsEnvironment"/>
    <property name="basedir" value="E:\github\shiro-root-1.3.2\samples\guice"/>
    <property name="java.endorsed.dirs" value="C:\Program Files\Java\jdk1.8.0_121\jre\lib\endorsed"/>
    <property name="os.arch" value="amd64"/>
    <property name="java.io.tmpdir" value="C:\Users\Alan\AppData\Local\Temp\"/>
    <property name="line.separator" value="
"/>
    <property name="java.vm.specification.vendor" value="Oracle Corporation"/>
    <property name="user.variant" value=""/>
    <property name="os.name" value="Windows 10"/>
    <property name="classworlds.conf" value="E:\template\.metadata\.plugins\org.eclipse.m2e.launching\launches\m2conf7286359475287190791.tmp"/>
    <property name="sun.jnu.encoding" value="GBK"/>
    <property name="java.library.path" value="C:\Program Files\Java\jdk1.8.0_121\bin;C:\Windows\Sun\Java\bin;C:\Windows\system32;C:\Windows;C:/Program Files/Java/jre1.8.0_121/bin/server;C:/Program Files/Java/jre1.8.0_121/bin;C:/Program Files/Java/jre1.8.0_121/lib/amd64;C:\ProgramData\Oracle\Java\javapath;C:\Program Files\Dell\DW WLAN Card;C:\Windows\system32;C:\Windows;C:\Windows\System32\Wbem;C:\Windows\System32\WindowsPowerShell\v1.0\;C:\Program Files (x86)\NVIDIA Corporation\PhysX\Common;C:\Program Files\Microsoft SQL Server\Client SDK\ODBC\110\Tools\Binn\;C:\Program Files (x86)\Microsoft SQL Server\120\Tools\Binn\;C:\Program Files\Microsoft SQL Server\120\Tools\Binn\;C:\Program Files\Microsoft SQL Server\120\DTS\Binn\;C:\Program Files (x86)\Microsoft SQL Server\120\Tools\Binn\ManagementStudio\;C:\Program Files\Java\jdk1.8.0_121\bin;C:\Program Files\Java\jdk1.8.0_121\jre\bin;D:\javaTools\apache-maven-3.3.9\bin;C:\Program Files\SlikSvn\bin;D:\javaTools\eclipse;;."/>
    <property name="surefire.test.class.path" value="E:\github\shiro-root-1.3.2\samples\guice\target\test-classes;E:\github\shiro-root-1.3.2\samples\guice\target\classes;D:\javaTools\apache-maven-3.3.9\repository\javax\servlet\jstl\1.1.2\jstl-1.1.2.jar;D:\javaTools\apache-maven-3.3.9\repository\javax\servlet\servlet-api\2.5\servlet-api-2.5.jar;D:\javaTools\apache-maven-3.3.9\repository\org\slf4j\slf4j-log4j12\1.6.4\slf4j-log4j12-1.6.4.jar;D:\javaTools\apache-maven-3.3.9\repository\org\slf4j\slf4j-api\1.6.4\slf4j-api-1.6.4.jar;D:\javaTools\apache-maven-3.3.9\repository\log4j\log4j\1.2.16\log4j-1.2.16.jar;D:\javaTools\apache-maven-3.3.9\repository\net\sourceforge\htmlunit\htmlunit\2.6\htmlunit-2.6.jar;D:\javaTools\apache-maven-3.3.9\repository\xalan\xalan\2.7.1\xalan-2.7.1.jar;D:\javaTools\apache-maven-3.3.9\repository\xalan\serializer\2.7.1\serializer-2.7.1.jar;D:\javaTools\apache-maven-3.3.9\repository\commons-collections\commons-collections\3.2.1\commons-collections-3.2.1.jar;D:\javaTools\apache-maven-3.3.9\repository\commons-lang\commons-lang\2.4\commons-lang-2.4.jar;D:\javaTools\apache-maven-3.3.9\repository\commons-httpclient\commons-httpclient\3.1\commons-httpclient-3.1.jar;D:\javaTools\apache-maven-3.3.9\repository\commons-codec\commons-codec\1.4\commons-codec-1.4.jar;D:\javaTools\apache-maven-3.3.9\repository\net\sourceforge\htmlunit\htmlunit-core-js\2.6\htmlunit-core-js-2.6.jar;D:\javaTools\apache-maven-3.3.9\repository\xerces\xercesImpl\2.9.1\xercesImpl-2.9.1.jar;D:\javaTools\apache-maven-3.3.9\repository\xml-apis\xml-apis\1.3.04\xml-apis-1.3.04.jar;D:\javaTools\apache-maven-3.3.9\repository\net\sourceforge\nekohtml\nekohtml\1.9.13\nekohtml-1.9.13.jar;D:\javaTools\apache-maven-3.3.9\repository\net\sourceforge\cssparser\cssparser\0.9.5\cssparser-0.9.5.jar;D:\javaTools\apache-maven-3.3.9\repository\org\w3c\css\sac\1.3\sac-1.3.jar;D:\javaTools\apache-maven-3.3.9\repository\commons-io\commons-io\1.4\commons-io-1.4.jar;D:\javaTools\apache-maven-3.3.9\repository\commons-logging\commons-logging\1.1.1\commons-logging-1.1.1.jar;D:\javaTools\apache-maven-3.3.9\repository\org\apache\shiro\shiro-core\1.3.2\shiro-core-1.3.2.jar;D:\javaTools\apache-maven-3.3.9\repository\commons-beanutils\commons-beanutils\1.8.3\commons-beanutils-1.8.3.jar;D:\javaTools\apache-maven-3.3.9\repository\org\apache\shiro\shiro-web\1.3.2\shiro-web-1.3.2.jar;D:\javaTools\apache-maven-3.3.9\repository\org\apache\shiro\shiro-guice\1.3.2\shiro-guice-1.3.2.jar;D:\javaTools\apache-maven-3.3.9\repository\com\google\inject\guice\3.0\guice-3.0.jar;D:\javaTools\apache-maven-3.3.9\repository\javax\inject\javax.inject\1\javax.inject-1.jar;D:\javaTools\apache-maven-3.3.9\repository\aopalliance\aopalliance\1.0\aopalliance-1.0.jar;D:\javaTools\apache-maven-3.3.9\repository\com\google\inject\extensions\guice-multibindings\3.0\guice-multibindings-3.0.jar;D:\javaTools\apache-maven-3.3.9\repository\com\google\inject\extensions\guice-servlet\3.0\guice-servlet-3.0.jar;D:\javaTools\apache-maven-3.3.9\repository\org\mortbay\jetty\jetty\6.1.26\jetty-6.1.26.jar;D:\javaTools\apache-maven-3.3.9\repository\org\mortbay\jetty\jetty-util\6.1.26\jetty-util-6.1.26.jar;D:\javaTools\apache-maven-3.3.9\repository\org\mortbay\jetty\servlet-api\2.5-20081211\servlet-api-2.5-20081211.jar;D:\javaTools\apache-maven-3.3.9\repository\org\mortbay\jetty\jsp-2.1-jetty\6.1.26\jsp-2.1-jetty-6.1.26.jar;D:\javaTools\apache-maven-3.3.9\repository\org\eclipse\jdt\core\3.1.1\core-3.1.1.jar;D:\javaTools\apache-maven-3.3.9\repository\org\mortbay\jetty\jsp-api-2.1-glassfish\2.1.v20091210\jsp-api-2.1-glassfish-2.1.v20091210.jar;D:\javaTools\apache-maven-3.3.9\repository\org\mortbay\jetty\jsp-2.1-glassfish\2.1.v20091210\jsp-2.1-glassfish-2.1.v20091210.jar;D:\javaTools\apache-maven-3.3.9\repository\org\eclipse\jdt\core\compiler\ecj\3.5.1\ecj-3.5.1.jar;D:\javaTools\apache-maven-3.3.9\repository\ant\ant\1.6.5\ant-1.6.5.jar;D:\javaTools\apache-maven-3.3.9\repository\taglibs\standard\1.1.2\standard-1.1.2.jar;D:\javaTools\apache-maven-3.3.9\repository\org\slf4j\jcl-over-slf4j\1.6.4\jcl-over-slf4j-1.6.4.jar;D:\javaTools\apache-maven-3.3.9\repository\junit\junit\4.8.2\junit-4.8.2.jar;D:\javaTools\apache-maven-3.3.9\repository\org\easymock\easymock\3.1\easymock-3.1.jar;D:\javaTools\apache-maven-3.3.9\repository\cglib\cglib-nodep\2.2.2\cglib-nodep-2.2.2.jar;D:\javaTools\apache-maven-3.3.9\repository\org\objenesis\objenesis\1.2\objenesis-1.2.jar;D:\javaTools\apache-maven-3.3.9\repository\org\codehaus\groovy\groovy-all\1.8.5\groovy-all-1.8.5.jar;D:\javaTools\apache-maven-3.3.9\repository\org\powermock\powermock-module-junit4\1.5\powermock-module-junit4-1.5.jar;D:\javaTools\apache-maven-3.3.9\repository\org\powermock\powermock-module-junit4-common\1.5\powermock-module-junit4-common-1.5.jar;D:\javaTools\apache-maven-3.3.9\repository\org\powermock\powermock-core\1.5\powermock-core-1.5.jar;D:\javaTools\apache-maven-3.3.9\repository\org\javassist\javassist\3.17.1-GA\javassist-3.17.1-GA.jar;D:\javaTools\apache-maven-3.3.9\repository\org\powermock\powermock-reflect\1.5\powermock-reflect-1.5.jar;D:\javaTools\apache-maven-3.3.9\repository\org\powermock\powermock-api-easymock\1.5\powermock-api-easymock-1.5.jar;D:\javaTools\apache-maven-3.3.9\repository\org\powermock\powermock-api-support\1.5\powermock-api-support-1.5.jar;"/>
    <property name="java.specification.name" value="Java Platform API Specification"/>
    <property name="java.class.version" value="52.0"/>
    <property name="sun.management.compiler" value="HotSpot 64-Bit Tiered Compilers"/>
    <property name="os.version" value="10.0"/>
    <property name="user.home" value="C:\Users\Alan"/>
    <property name="user.timezone" value="Asia/Shanghai"/>
    <property name="java.awt.printerjob" value="sun.awt.windows.WPrinterJob"/>
    <property name="java.specification.version" value="1.8"/>
    <property name="file.encoding" value="UTF-8"/>
    <property name="user.name" value="Jarvis"/>
    <property name="java.class.path" value="/D:/javaTools/eclipse/plugins/org.eclipse.m2e.maven.runtime_1.6.2.20150902-0001/jars/plexus-classworlds-2.5.2.jar"/>
    <property name="java.vm.specification.version" value="1.8"/>
    <property name="sun.arch.data.model" value="64"/>
    <property name="java.home" value="C:\Program Files\Java\jdk1.8.0_121\jre"/>
    <property name="sun.java.command" value="org.codehaus.plexus.classworlds.launcher.Launcher -B -s D:\javaTools\apache-maven-3.3.9\settings.xml install"/>
    <property name="java.specification.vendor" value="Oracle Corporation"/>
    <property name="user.language" value="zh"/>
    <property name="awt.toolkit" value="sun.awt.windows.WToolkit"/>
    <property name="java.vm.info" value="mixed mode"/>
    <property name="java.version" value="1.8.0_121"/>
    <property name="java.ext.dirs" value="C:\Program Files\Java\jdk1.8.0_121\jre\lib\ext;C:\Windows\Sun\Java\lib\ext"/>
    <property name="sun.boot.class.path" value="C:\Program Files\Java\jdk1.8.0_121\jre\lib\resources.jar;C:\Program Files\Java\jdk1.8.0_121\jre\lib\rt.jar;C:\Program Files\Java\jdk1.8.0_121\jre\lib\sunrsasign.jar;C:\Program Files\Java\jdk1.8.0_121\jre\lib\jsse.jar;C:\Program Files\Java\jdk1.8.0_121\jre\lib\jce.jar;C:\Program Files\Java\jdk1.8.0_121\jre\lib\charsets.jar;C:\Program Files\Java\jdk1.8.0_121\jre\lib\jfr.jar;C:\Program Files\Java\jdk1.8.0_121\jre\classes"/>
    <property name="java.vendor" value="Oracle Corporation"/>
    <property name="maven.home" value="E:\github\shiro-root-1.3.2\samples\EMBEDDED"/>
    <property name="localRepository" value="D:\javaTools\apache-maven-3.3.9\repository"/>
    <property name="file.separator" value="\"/>
    <property name="java.vendor.url.bug" value="http://bugreport.sun.com/bugreport/"/>
    <property name="sun.cpu.endian" value="little"/>
    <property name="sun.io.unicode.encoding" value="UnicodeLittle"/>
    <property name="sun.desktop" value="windows"/>
    <property name="sun.cpu.isalist" value="amd64"/>
  </properties>
  <testcase classname="org.apache.shiro.samples.guice.ContainerIntegrationTest" name="logIn" time="1.51"/>
  <testcase classname="org.apache.shiro.samples.guice.ContainerIntegrationTest" name="logInAndRememberMe" time="0.609"/>
</testsuite>